Processing file tests/aspell.txt ...
evade
presbyterian
rs
Steffen
susan
ability
about
absorbtion
accidently
accommodate
acommadate
accord
aquantance
squire
adultery
aggressive
alcohol
alcoholic
allieve
alright
armature
ambivilant
amourfous
ramification
anonomy
anotomy
annuncio
annonsment
anoint
anynomous
appresteate
appreciated
archetype
aratictature
aricticure
attic
asterick
asymmetric
asentote
bast
attentively
autoamlly
bankrot
basicly
batallion
beggining
begging
bigginging
behavior
behavior
beleive
believe
benidifs
meter
bait
boygot
brocolli
bbrose
bouyant
beauro
beaurocracy
buracracy
burracracy
bunch
nuder
burr
buster
button
byby
cauler
gamine
craves
cemetary
changeling
chest
icicle
circus
circumstances
clog
cocamena
colleaque
colloquialism
coal
columns
cumba
commercial
comitmment
comittmen
comittmend
commuted
comitte
committee
company
compiler
complicated
comupter
congradulations
concensus
consident
consident
contrast
contastant
contunie
conibation
cooky
copping
cosmoplyton
curst
crazy
credetability
criqitue
critique
coke
crusifed
crucifiction
custamisation
daily
danguages
dongle
disition
defense
defence
defenly
definate
definately
dirties
dependeble
description
descrptn
dessicate
dispair
desparate
distroy
development
develpond
develepment
ductioneery
dinasaur
dinasour
directly
disagree
discuss
disssicion
dissect
disippate
destiny
distart
distarct
devulge
documtations
sag
dog
download
draft
dramaticly
drunkenness
fur
duren
dymatic
dynamic
ecstacy
efficity
efficat
efforts
elagent
elligit
embarrass
embaress
embarrassment
imbed
encapsualtion
encyclapidia
encyclopia
engine
enhence
enligtment
ennui
nought
environment
envireminakl
invermeantial
epitomy
errata
error
espresso
etiology
evaualtion
evtually
evething
excede
except
execution
exercise
exhileration
egsistence
existance
exspidient
expleyly
explity
extions
factontion
failed
phantasia
famdasy
aver
aver
faze
fistival
fire
flattering
flunk
fluke
foresee
frustartaion
fiction
generly
gotton
goberment
gobernement
government
gracefully
gradually
grammer
gaurd
ruts
happily
harass
have
eighth
hallow
help
hero
heellp
hello
hop
huger
hippopotamus
horse
housing
howaver
however
humaniti
hifin
hifine
hiphine
hyfin
hypotathes
hypotathese
hysterical
illegitament
immenant
imediaetly
implemtes
incase
indepth
intact
inadvertant
incompleet
incomplot
inconvience
inconvenant
indent
independant
independenent
indepnends
indispensible
inefficite
infamy
influencial
initial
initinized
initized
inoculate
incedious
insistant
insistent
insulation
intealignt
intejilent
intelegent
intelegnent
intelejent
intelligent
intelignt
intellagant
intellegent
intellegint
intellgnt
intertes
intertesd
interface
internation
interpretate
interpreter
enventions
irresistable
irritible
isotrop
integrate
john
judgment
judgement
kilometer
kilometer
kippur
knawing
lusher
latest
lloyer
leave
leisure
liasion
liaison
library
likely
liquify
flossing
madness
maintanence
majaerly
majorly
marshal
make
maximum
midia
moment
memory
pataphysical
mix
millennium
minim
miniscule
misilous
mischievous
minkay
monkay
roe
mosaik
mostlikely
mouse
loving
niece
necessary
necessary
necesser
neighbor
neighbor
nickleodeon
nice
none
notion
noticeably
nozled
obfuscate
objection
ocassion
accosinly
occusionaly
occupied
occurrence
octagenarian
old
opposim
organize
organize
orientate
oscilascope
parametic
paramers
paranets
partrucal
pattern
preemptory
permissable
permition
permmasivie
phenominal
tone
funetik
picaresque
playwrite
police
politic
polation
poligamy
polypropalene
protray
possable
practice
pragmaticism
preceding
precion
precious
prefix
prefixes
prerogative
privielage
privilege
proplematic
procedures
pronensiation
pronisation
pronunciation
properally
pscolgst
psicolagest
psycolagest
sicolagest
persue
presume
presumed
quiz
reccona
radius
ramplily
rank
recieve
reconise
reccomend
rectangles
reoccurring
resign
irregardless
repitition
replasments
reseblence
respect
respecally
reposable
room
fought
rudemtry
running
sacreligious
saftly
salute
satifly
scrabdle
section
segments
size
sence
seperate
several
sherbert
singal
complicity
simpfilty
simple
sitter
situation
smile
snuck
sometimes
soonec
specificialy
spiel
soak
sponsered
steering
sumach
straightjacket
stutent
styleguide
subpoena
subjecribed
subisitions
substations
auger
superfulous
supercede
swim_wear
slyph
syncorization
tattoos
gem
techniquely
test
attest
gets
thanot
taut
ten
the
theirselves
teridical
theridically
thredically
the
thruout
titalate
tomorrow
tomorrow
gaff
tradegy
trubbel
tunnellike
tired
two
tyrrany
unconscience
unconisitional
underladder
unformanlly
unfortally
unfortunently
unentelegible
unatourral
unaturral
unnatural
upcast
uranisium
upmost
verison
vinagarette
vole
volunteerism
voluptuous
waits
many
shard
warlord
wasting
sicken
wierd
whaaat
wimp
wasn't
witting
yeild
your

531 words read from file.

231 Corrected Words
['abilitey', 'abouy', 'accomodate', 'acord', 'adultry', 'aggresive', 'alchohol', 'alchoholic', 'amature', 'amification', 'annoint', 'appreceiated', 'archeype', 'artic', 'ast', 'asymetric', 'atentively', 'beging', 'behaviour', 'belive', 'blait', 'buch', 'buder', 'budr', 'budter', 'buton', 'changeing', 'cheet', 'cicle', 'cimplicity', 'circue', 'circumstaces', 'clob', 'coaln', 'colloquilism', 'columne', 'comiler', 'commerciasl', 'commited', 'commitee', 'companys', 'compicated', 'contast', 'cooly', 'courst', 'crasy', 'cravets', 'croke', 'ctitique', 'dag', 'daly', 'deaft', 'descrption', 'destint', 'developement', 'diagree', 'dieties', 'direcyly', 'discuess', 'disect', 'doenload', 'doog', 'drunkeness', 'dur', 'dynaic', 'effots', 'eitiology', 'embarass', 'embarassment', 'engins', 'ennuui', 'enought', 'enviroment', 'equire', 'errara', 'erro', 'excercise', 'excpt', 'excution', 'expresso', 'failer', 'faver', 'faxe', 'firey', 'flatterring', 'fluk', 'flukse', 'fone', 'forsee', 'fuction', 'futs', 'gamne', 'gobernment', 'gracefull', 'gradualy', 'hallo', 'hapily', 'harrass', 'havne', 'heighth', 'hellp', 'helo', 'herlo', 'higer', 'hippopotamous', 'hlp', 'hourse', 'houssing', 'howver', 'hystrical', 'ident', 'imfamy', 'inerface', 'infact', 'inital', 'innoculate', 'insistenet', 'instulation', 'inteligent', 'interate', 'interpretter', 'johhn', 'latext', 'leasve', 'lesure', 'liason', 'libary', 'likly', 'lilometer', 'lossing', 'luser', 'maddness', 'majoraly', 'maks', 'mant', 'marshall', 'maxium', 'meory', 'metter', 'mic', 'millenium', 'minum', 'mischievious', 'momento', 'mousr', 'mroe', 'neccessary', 'necesary', 'neice', 'neighbour', 'nevade', 'nieve', 'noone', 'noticably', 'notin', 'objectsion', 'obsfuscate', 'occuppied', 'occurence', 'olf', 'organise', 'organiz', 'oving', 'patten', 'perogative', 'politict', 'pollice', 'practicle', 'preceeding', 'precios', 'prefices', 'prefixt', 'presue', 'presued', 'priviledge', 'proceedures', 'pronounciation', 'quoz', 'radious', 'rectangeles', 'redign', 'respct', 'roon', 'rought', 'rsx', 'runnung', 'salut', 'secion', 'seferal', 'segements', 'sieze', 'simplye', 'sitte', 'situration', 'smil', 'sometmes', 'spel', 'spoak', 'stering', 'stumach', 'subpena', 'suger', 'taff', 'taht', 'tattos', 'teh', 'tem', 'teo', 'tesst', 'tets', 'ths', 'thw', 'tommorrow', 'tomorow', 'ttest', 'tured', 'unnaturral', 'volumptuous', 'volye', 'wadting', 'waite', "wan't", 'warloord', 'whard', 'whimp', 'wicken', 'wrank', 'writting', 'youe']

282 Unknown Words
['Steffen', 'absorbtion', 'accidently', 'accosinly', 'acommadate', 'allieve', 'ambivilant', 'amourfous', 'annonsment', 'annuncio', 'anonomy', 'anotomy', 'anynomous', 'appresteate', 'aquantance', 'aratictature', 'aricticure', 'asentote', 'asterick', 'autoamlly', 'bankrot', 'basicly', 'batallion', 'bbrose', 'beauro', 'beaurocracy', 'beggining', 'beleive', 'benidifs', 'bigginging', 'bouyant', 'boygot', 'brocolli', 'buracracy', 'burracracy', 'byby', 'cauler', 'cemetary', 'cocamena', 'colleaque', 'comitmment', 'comitte', 'comittmen', 'comittmend', 'comupter', 'concensus', 'congradulations', 'conibation', 'consident', 'contastant', 'contunie', 'cosmoplyton', 'credetability', 'criqitue', 'crucifiction', 'crusifed', 'cumba', 'custamisation', 'danguages', 'defence', 'defenly', 'definate', 'definately', 'dependeble', 'descrptn', 'desparate', 'dessicate', 'develepment', 'develpond', 'devulge', 'dinasaur', 'dinasour', 'disippate', 'disition', 'dispair', 'disssicion', 'distarct', 'distart', 'distroy', 'documtations', 'dongle', 'dramaticly', 'ductioneery', 'duren', 'dymatic', 'ecstacy', 'efficat', 'efficity', 'egsistence', 'elagent', 'elligit', 'embaress', 'encapsualtion', 'encyclapidia', 'encyclopia', 'enhence', 'enligtment', 'enventions', 'envireminakl', 'epitomy', 'evaualtion', 'evething', 'evtually', 'excede', 'exhileration', 'existance', 'expleyly', 'explity', 'exspidient', 'extions', 'factontion', 'famdasy', 'fistival', 'frustartaion', 'funetik', 'gaurd', 'generly', 'goberment', 'gobernement', 'gotton', 'grammer', 'heellp', 'hifin', 'hifine', 'hiphine', 'howaver', 'humaniti', 'hyfin', 'hypotathes', 'hypotathese', 'illegitament', 'imediaetly', 'immenant', 'implemtes', 'inadvertant', 'incase', 'incedious', 'incompleet', 'incomplot', 'inconvenant', 'inconvience', 'independant', 'independenent', 'indepnends', 'indepth', 'indispensible', 'inefficite', 'influencial', 'initinized', 'initized', 'insistant', 'intealignt', 'intejilent', 'intelegent', 'intelegnent', 'intelejent', 'intelignt', 'intellagant', 'intellegent', 'intellegint', 'intellgnt', 'internation', 'interpretate', 'intertes', 'intertesd', 'invermeantial', 'irresistable', 'irritible', 'isotrop', 'kippur', 'knawing', 'liasion', 'lloyer', 'maintanence', 'majaerly', 'midia', 'minkay', 'misilous', 'monkay', 'mosaik', 'mostlikely', 'necesser', 'nickleodeon', 'nozled', 'ocassion', 'occusionaly', 'octagenarian', 'opposim', 'oscilascope', 'paramers', 'parametic', 'paranets', 'partrucal', 'pataphysical', 'permissable', 'permition', 'permmasivie', 'persue', 'phantasia', 'phenominal', 'playwrite', 'polation', 'poligamy', 'polypropalene', 'possable', 'pragmaticism', 'precion', 'preemptory', 'presbyterian', 'privielage', 'pronensiation', 'pronisation', 'properally', 'proplematic', 'protray', 'pscolgst', 'psicolagest', 'psycolagest', 'ramplily', 'reccomend', 'reccona', 'recieve', 'reconise', 'repitition', 'replasments', 'reposable', 'reseblence', 'respecally', 'rudemtry', 'sacreligious', 'saftly', 'satifly', 'scrabdle', 'sence', 'seperate', 'sicolagest', 'simpfilty', 'singal', 'slyph', 'soonec', 'specificialy', 'sponsered', 'stutent', 'styleguide', 'subisitions', 'subjecribed', 'supercede', 'superfulous', 'susan', 'swim_wear', 'syncorization', 'techniquely', 'teridical', 'thanot', 'theirselves', 'theridically', 'thredically', 'thruout', 'titalate', 'tradegy', 'trubbel', 'tunnellike', 'tyrrany', 'unatourral', 'unaturral', 'unconisitional', 'unconscience', 'underladder', 'unentelegible', 'unformanlly', 'unfortally', 'unfortunently', 'upcast', 'upmost', 'uranisium', 'verison', 'vinagarette', 'volunteerism', 'whaaat', 'wierd', 'yeild']

